# JRE version: OpenJDK Runtime Environment Temurin-17.0.1+12 (17.0.1+12) (build 17.0.1+12)
# Java VM: OpenJDK 64-Bit Server VM Temurin-17.0.1+12 (17.0.1+12, mixed mode, emulated-client, tiered, compressed oops, compressed class ptrs, g1 gc, windows-amd64)
GC Precious Log:
 CPUs: 8 total, 8 available
 Memory: 16270M
 Large Page Support: Disabled
 NUMA Support: Disabled
 Compressed Oops: Enabled (Zero based)
 Heap Region Size: 2M
 Heap Min Capacity: 8M
 Heap Initial Capacity: 256M
 Heap Max Capacity: 4068M
 Pre-touch: Disabled
 Parallel Workers: 8
 Concurrent Workers: 2
 Concurrent Refinement Workers: 8
 Periodic GC: Disabled
Heap:
 garbage-first heap   total 90112K, used 57402K [0x0000000701c00000, 0x0000000800000000)
  region size 2048K, 22 young (45056K), 4 survivors (8192K)
 Metaspace       used 62288K, committed 62720K, reserved 1105920K
  class space    used 8127K, committed 8320K, reserved 1048576K
GC Heap History (20 events):
Event: 1.329 GC heap before
{Heap before GC invocations=5 (full 0):
 garbage-first heap   total 55296K, used 9763K [0x0000000701c00000, 0x0000000800000000)
  region size 2048K, 3 young (6144K), 2 survivors (4096K)
 Metaspace       used 24286K, committed 24512K, reserved 1073152K
  class space    used 2744K, committed 2880K, reserved 1048576K
}
Event: 1.333 GC heap after
{Heap after GC invocations=6 (full 0):
 garbage-first heap   total 55296K, used 9899K [0x0000000701c00000, 0x0000000800000000)
  region size 2048K, 1 young (2048K), 1 survivors (2048K)
 Metaspace       used 24286K, committed 24512K, reserved 1073152K
  class space    used 2744K, committed 2880K, reserved 1048576K
}
Event: 1.414 GC heap before
{Heap before GC invocations=6 (full 0):
 garbage-first heap   total 55296K, used 36523K [0x0000000701c00000, 0x0000000800000000)
  region size 2048K, 14 young (28672K), 1 survivors (2048K)
 Metaspace       used 26635K, committed 26944K, reserved 1073152K
  class space    used 3054K, committed 3200K, reserved 1048576K
}
Event: 1.416 GC heap after
{Heap after GC invocations=7 (full 0):
 garbage-first heap   total 159744K, used 9954K [0x0000000701c00000, 0x0000000800000000)
  region size 2048K, 1 young (2048K), 1 survivors (2048K)
 Metaspace       used 26635K, committed 26944K, reserved 1073152K
  class space    used 3054K, committed 3200K, reserved 1048576K
}
Event: 1.842 GC heap before
{Heap before GC invocations=7 (full 0):
 garbage-first heap   total 159744K, used 100066K [0x0000000701c00000, 0x0000000800000000)
  region size 2048K, 46 young (94208K), 1 survivors (2048K)
 Metaspace       used 30262K, committed 30592K, reserved 1081344K
  class space    used 3564K, committed 3712K, reserved 1048576K
}
Event: 1.846 GC heap after
{Heap after GC invocations=8 (full 0):
 garbage-first heap   total 159744K, used 11908K [0x0000000701c00000, 0x0000000800000000)
  region size 2048K, 2 young (4096K), 2 survivors (4096K)
 Metaspace       used 30262K, committed 30592K, reserved 1081344K
  class space    used 3564K, committed 3712K, reserved 1048576K
}
Event: 2.394 GC heap before
{Heap before GC invocations=8 (full 0):
 garbage-first heap   total 159744K, used 79492K [0x0000000701c00000, 0x0000000800000000)
  region size 2048K, 36 young (73728K), 2 survivors (4096K)
 Metaspace       used 35808K, committed 36096K, reserved 1081344K
  class space    used 4353K, committed 4480K, reserved 1048576K
}
Event: 2.400 GC heap after
{Heap after GC invocations=9 (full 0):
 garbage-first heap   total 159744K, used 14963K [0x0000000701c00000, 0x0000000800000000)
  region size 2048K, 3 young (6144K), 3 survivors (6144K)
 Metaspace       used 35808K, committed 36096K, reserved 1081344K
  class space    used 4353K, committed 4480K, reserved 1048576K
}
Event: 2.424 GC heap before
{Heap before GC invocations=10 (full 0):
 garbage-first heap   total 61440K, used 47731K [0x0000000701c00000, 0x0000000800000000)
  region size 2048K, 21 young (43008K), 3 survivors (6144K)
 Metaspace       used 35937K, committed 36288K, reserved 1081344K
  class space    used 4370K, committed 4544K, reserved 1048576K
}
Event: 2.430 GC heap after
{Heap after GC invocations=11 (full 0):
 garbage-first heap   total 61440K, used 15030K [0x0000000701c00000, 0x0000000800000000)
  region size 2048K, 4 young (8192K), 4 survivors (8192K)
 Metaspace       used 35937K, committed 36288K, reserved 1081344K
  class space    used 4370K, committed 4544K, reserved 1048576K
}
Event: 2.438 GC heap before
{Heap before GC invocations=11 (full 0):
 garbage-first heap   total 61440K, used 17078K [0x0000000701c00000, 0x0000000800000000)
  region size 2048K, 5 young (10240K), 4 survivors (8192K)
 Metaspace       used 35937K, committed 36288K, reserved 1081344K
  class space    used 4370K, committed 4544K, reserved 1048576K
}
Event: 2.445 GC heap after
{Heap after GC invocations=12 (full 0):
 garbage-first heap   total 61440K, used 15828K [0x0000000701c00000, 0x0000000800000000)
  region size 2048K, 1 young (2048K), 1 survivors (2048K)
 Metaspace       used 35937K, committed 36288K, reserved 1081344K
  class space    used 4370K, committed 4544K, reserved 1048576K
}
Event: 2.715 GC heap before
{Heap before GC invocations=12 (full 0):
 garbage-first heap   total 61440K, used 46548K [0x0000000701c00000, 0x0000000800000000)
  region size 2048K, 16 young (32768K), 1 survivors (2048K)
 Metaspace       used 38438K, committed 38848K, reserved 1089536K
  class space    used 4678K, committed 4864K, reserved 1048576K
}
Event: 2.716 GC heap after
{Heap after GC invocations=13 (full 0):
 garbage-first heap   total 161792K, used 16043K [0x0000000701c00000, 0x0000000800000000)
  region size 2048K, 1 young (2048K), 1 survivors (2048K)
 Metaspace       used 38438K, committed 38848K, reserved 1089536K
  class space    used 4678K, committed 4864K, reserved 1048576K
}
Event: 3.476 GC heap before
{Heap before GC invocations=13 (full 0):
 garbage-first heap   total 161792K, used 110251K [0x0000000701c00000, 0x0000000800000000)
  region size 2048K, 47 young (96256K), 1 survivors (2048K)
 Metaspace       used 47536K, committed 47936K, reserved 1097728K
  class space    used 6055K, committed 6272K, reserved 1048576K
}
Event: 3.479 GC heap after
{Heap after GC invocations=14 (full 0):
 garbage-first heap   total 161792K, used 17805K [0x0000000701c00000, 0x0000000800000000)
  region size 2048K, 2 young (4096K), 2 survivors (4096K)
 Metaspace       used 47536K, committed 47936K, reserved 1097728K
  class space    used 6055K, committed 6272K, reserved 1048576K
}
Event: 4.206 GC heap before
{Heap before GC invocations=14 (full 0):
 garbage-first heap   total 161792K, used 109965K [0x0000000701c00000, 0x0000000800000000)
  region size 2048K, 47 young (96256K), 2 survivors (4096K)
 Metaspace       used 55263K, committed 55680K, reserved 1097728K
  class space    used 7239K, committed 7424K, reserved 1048576K
}
Event: 4.211 GC heap after
{Heap after GC invocations=15 (full 0):
 garbage-first heap   total 161792K, used 20637K [0x0000000701c00000, 0x0000000800000000)
  region size 2048K, 3 young (6144K), 3 survivors (6144K)
 Metaspace       used 55263K, committed 55680K, reserved 1097728K
  class space    used 7239K, committed 7424K, reserved 1048576K
}
Event: 37.676 GC heap before
{Heap before GC invocations=15 (full 0):
 garbage-first heap   total 161792K, used 71837K [0x0000000701c00000, 0x0000000800000000)
  region size 2048K, 30 young (61440K), 3 survivors (6144K)
 Metaspace       used 60097K, committed 60480K, reserved 1105920K
  class space    used 7802K, committed 8000K, reserved 1048576K
}
Event: 37.683 GC heap after
{Heap after GC invocations=16 (full 0):
 garbage-first heap   total 161792K, used 22586K [0x0000000701c00000, 0x0000000800000000)
  region size 2048K, 4 young (8192K), 4 survivors (8192K)
 Metaspace       used 60097K, committed 60480K, reserved 1105920K
  class space    used 7802K, committed 8000K, reserved 1048576K
}

